[2024-02-27 15:10:54,080] {taskinstance.py:1179} INFO - Dependencies all met for <TaskInstance: Entrega_3_cesar.extraer manual__2024-02-27T15:10:53.008021+00:00 [queued]>
[2024-02-27 15:10:54,089] {taskinstance.py:1179} INFO - Dependencies all met for <TaskInstance: Entrega_3_cesar.extraer manual__2024-02-27T15:10:53.008021+00:00 [queued]>
[2024-02-27 15:10:54,091] {taskinstance.py:1376} INFO - 
--------------------------------------------------------------------------------
[2024-02-27 15:10:54,092] {taskinstance.py:1377} INFO - Starting attempt 1 of 2
[2024-02-27 15:10:54,093] {taskinstance.py:1378} INFO - 
--------------------------------------------------------------------------------
[2024-02-27 15:10:54,108] {taskinstance.py:1397} INFO - Executing <Task(_PythonDecoratedOperator): extraer> on 2024-02-27 15:10:53.008021+00:00
[2024-02-27 15:10:54,114] {standard_task_runner.py:52} INFO - Started process 224 to run task
[2024-02-27 15:10:54,118] {standard_task_runner.py:79} INFO - Running: ['***', 'tasks', 'run', 'Entrega_3_cesar', 'extraer', 'manual__2024-02-27T15:10:53.008021+00:00', '--job-id', '73', '--raw', '--subdir', 'DAGS_FOLDER/dag_entrega_3.py', '--cfg-path', '/tmp/tmplszjl8xm', '--error-file', '/tmp/tmprszw5n4l']
[2024-02-27 15:10:54,121] {standard_task_runner.py:80} INFO - Job 73: Subtask extraer
[2024-02-27 15:10:54,207] {task_command.py:371} INFO - Running <TaskInstance: Entrega_3_cesar.extraer manual__2024-02-27T15:10:53.008021+00:00 [running]> on host dbb218fa830a
[2024-02-27 15:10:54,286] {taskinstance.py:1591} INFO - Exporting the following env vars:
AIRFLOW_CTX_DAG_OWNER=Cesar
AIRFLOW_CTX_DAG_ID=Entrega_3_cesar
AIRFLOW_CTX_TASK_ID=extraer
AIRFLOW_CTX_EXECUTION_DATE=2024-02-27T15:10:53.008021+00:00
AIRFLOW_CTX_TRY_NUMBER=1
AIRFLOW_CTX_DAG_RUN_ID=manual__2024-02-27T15:10:53.008021+00:00
[2024-02-27 15:10:54,964] {logging_mixin.py:115} INFO - extraer data...
[2024-02-27 15:10:54,965] {python.py:173} INFO - Done. Returned value was: {0: {'date': '2024-02-27T15:10:55Z', 'base': 'USD', 'To': 'COP', 'rates': 3935.3775}, 1: {'date': '2024-02-27T15:10:55Z', 'base': 'USD', 'To': 'ADA', 'rates': 1.60512418}, 2: {'date': '2024-02-27T15:10:55Z', 'base': 'USD', 'To': 'AED', 'rates': 3.6725}, 3: {'date': '2024-02-27T15:10:55Z', 'base': 'USD', 'To': 'AFN', 'rates': 73.14916522}, 4: {'date': '2024-02-27T15:10:55Z', 'base': 'USD', 'To': 'ALL', 'rates': 95.77517252}, 5: {'date': '2024-02-27T15:10:55Z', 'base': 'USD', 'To': 'CAD', 'rates': 1.35185268}, 6: {'date': '2024-02-27T15:10:55Z', 'base': 'USD', 'To': 'BZD', 'rates': 2.02434844}, 7: {'date': '2024-02-27T15:10:55Z', 'base': 'USD', 'To': 'BYN', 'rates': 3.2699814}, 8: {'date': '2024-02-27T15:10:55Z', 'base': 'USD', 'To': 'BWP', 'rates': 13.75182703}}
[2024-02-27 15:10:54,998] {taskinstance.py:1420} INFO - Marking task as SUCCESS. dag_id=Entrega_3_cesar, task_id=extraer, execution_date=20240227T151053, start_date=20240227T151054, end_date=20240227T151054
[2024-02-27 15:10:55,026] {local_task_job.py:156} INFO - Task exited with return code 0
[2024-02-27 15:10:55,065] {local_task_job.py:273} INFO - 1 downstream tasks scheduled from follow-on schedule check
