[2024-02-27 15:10:54,075] {taskinstance.py:1179} INFO - Dependencies all met for <TaskInstance: Entrega_3_cesar.analisis scheduled__2024-02-26T00:00:00+00:00 [queued]>
[2024-02-27 15:10:54,087] {taskinstance.py:1179} INFO - Dependencies all met for <TaskInstance: Entrega_3_cesar.analisis scheduled__2024-02-26T00:00:00+00:00 [queued]>
[2024-02-27 15:10:54,089] {taskinstance.py:1376} INFO - 
--------------------------------------------------------------------------------
[2024-02-27 15:10:54,094] {taskinstance.py:1377} INFO - Starting attempt 1 of 2
[2024-02-27 15:10:54,095] {taskinstance.py:1378} INFO - 
--------------------------------------------------------------------------------
[2024-02-27 15:10:54,108] {taskinstance.py:1397} INFO - Executing <Task(_PythonDecoratedOperator): analisis> on 2024-02-26 00:00:00+00:00
[2024-02-27 15:10:54,114] {standard_task_runner.py:52} INFO - Started process 225 to run task
[2024-02-27 15:10:54,120] {standard_task_runner.py:79} INFO - Running: ['***', 'tasks', 'run', 'Entrega_3_cesar', 'analisis', 'scheduled__2024-02-26T00:00:00+00:00', '--job-id', '72', '--raw', '--subdir', 'DAGS_FOLDER/dag_entrega_3.py', '--cfg-path', '/tmp/tmp3vcauw1l', '--error-file', '/tmp/tmpsfn42qha']
[2024-02-27 15:10:54,123] {standard_task_runner.py:80} INFO - Job 72: Subtask analisis
[2024-02-27 15:10:54,217] {task_command.py:371} INFO - Running <TaskInstance: Entrega_3_cesar.analisis scheduled__2024-02-26T00:00:00+00:00 [running]> on host dbb218fa830a
[2024-02-27 15:10:54,314] {taskinstance.py:1591} INFO - Exporting the following env vars:
AIRFLOW_CTX_DAG_OWNER=Cesar
AIRFLOW_CTX_DAG_ID=Entrega_3_cesar
AIRFLOW_CTX_TASK_ID=analisis
AIRFLOW_CTX_EXECUTION_DATE=2024-02-26T00:00:00+00:00
AIRFLOW_CTX_TRY_NUMBER=1
AIRFLOW_CTX_DAG_RUN_ID=scheduled__2024-02-26T00:00:00+00:00
[2024-02-27 15:10:54,317] {logging_mixin.py:115} INFO - Analizando data...
[2024-02-27 15:10:54,325] {logging_mixin.py:115} INFO - columna 'date' tiene 0 valores nulos
[2024-02-27 15:10:54,326] {logging_mixin.py:115} INFO - columna 'base' tiene 0 valores nulos
[2024-02-27 15:10:54,327] {logging_mixin.py:115} INFO - columna 'To' tiene 0 valores nulos
[2024-02-27 15:10:54,329] {logging_mixin.py:115} INFO - columna 'rates' tiene 0 valores nulos
[2024-02-27 15:10:54,330] {logging_mixin.py:115} INFO - columna 'Year' tiene 0 valores nulos
[2024-02-27 15:10:54,331] {logging_mixin.py:115} INFO - columna 'Month' tiene 0 valores nulos
[2024-02-27 15:10:54,333] {logging_mixin.py:115} INFO - columna 'Day' tiene 0 valores nulos
[2024-02-27 15:10:54,346] {logging_mixin.py:115} INFO -              rates    Year  Month   Day
count     9.000000     9.0    9.0   9.0
mean    458.886386  2024.0    2.0  27.0
std    1304.164058     0.0    0.0   0.0
min       1.351853  2024.0    2.0  27.0
25%       2.024348  2024.0    2.0  27.0
50%       3.672500  2024.0    2.0  27.0
75%      73.149165  2024.0    2.0  27.0
max    3935.377500  2024.0    2.0  27.0
[2024-02-27 15:10:54,348] {logging_mixin.py:115} INFO - (9, 7)
[2024-02-27 15:10:54,349] {logging_mixin.py:115} INFO - date      object
base      object
To        object
rates    float64
Year       int64
Month      int64
Day        int64
dtype: object
[2024-02-27 15:10:54,355] {logging_mixin.py:115} INFO - <class 'pandas.core.frame.DataFrame'>
Index: 9 entries, 0 to 8
Data columns (total 7 columns):
 #   Column  Non-Null Count  Dtype  
---  ------  --------------  -----  
 0   date    9 non-null      object 
 1   base    9 non-null      object 
 2   To      9 non-null      object 
 3   rates   9 non-null      float64
 4   Year    9 non-null      int64  
 5   Month   9 non-null      int64  
 6   Day     9 non-null      int64  
dtypes: float64(1), int64(3), object(3)
memory usage: 576.0+ bytes
[2024-02-27 15:10:54,356] {logging_mixin.py:115} INFO - None
[2024-02-27 15:10:54,360] {logging_mixin.py:115} INFO -                    date base   To        rates  Year  Month  Day
0  2024-02-27T15:10:52Z  USD  COP  3935.377500  2024      2   27
1  2024-02-27T15:10:52Z  USD  ADA     1.605124  2024      2   27
2  2024-02-27T15:10:52Z  USD  AED     3.672500  2024      2   27
3  2024-02-27T15:10:52Z  USD  AFN    73.149165  2024      2   27
4  2024-02-27T15:10:52Z  USD  ALL    95.775173  2024      2   27
5  2024-02-27T15:10:52Z  USD  CAD     1.351853  2024      2   27
6  2024-02-27T15:10:52Z  USD  BZD     2.024348  2024      2   27
7  2024-02-27T15:10:52Z  USD  BYN     3.269981  2024      2   27
8  2024-02-27T15:10:52Z  USD  BWP    13.751827  2024      2   27
[2024-02-27 15:10:54,363] {python.py:173} INFO - Done. Returned value was: None
[2024-02-27 15:10:54,378] {taskinstance.py:1420} INFO - Marking task as SUCCESS. dag_id=Entrega_3_cesar, task_id=analisis, execution_date=20240226T000000, start_date=20240227T151054, end_date=20240227T151054
[2024-02-27 15:10:54,412] {local_task_job.py:156} INFO - Task exited with return code 0
[2024-02-27 15:10:54,447] {local_task_job.py:273} INFO - 0 downstream tasks scheduled from follow-on schedule check
