[2024-02-27 15:10:55,761] {taskinstance.py:1179} INFO - Dependencies all met for <TaskInstance: Entrega_3_cesar.transformar manual__2024-02-27T15:10:53.008021+00:00 [queued]>
[2024-02-27 15:10:55,769] {taskinstance.py:1179} INFO - Dependencies all met for <TaskInstance: Entrega_3_cesar.transformar manual__2024-02-27T15:10:53.008021+00:00 [queued]>
[2024-02-27 15:10:55,770] {taskinstance.py:1376} INFO - 
--------------------------------------------------------------------------------
[2024-02-27 15:10:55,771] {taskinstance.py:1377} INFO - Starting attempt 1 of 2
[2024-02-27 15:10:55,772] {taskinstance.py:1378} INFO - 
--------------------------------------------------------------------------------
[2024-02-27 15:10:55,781] {taskinstance.py:1397} INFO - Executing <Task(_PythonDecoratedOperator): transformar> on 2024-02-27 15:10:53.008021+00:00
[2024-02-27 15:10:55,787] {standard_task_runner.py:52} INFO - Started process 228 to run task
[2024-02-27 15:10:55,792] {standard_task_runner.py:79} INFO - Running: ['***', 'tasks', 'run', 'Entrega_3_cesar', 'transformar', 'manual__2024-02-27T15:10:53.008021+00:00', '--job-id', '74', '--raw', '--subdir', 'DAGS_FOLDER/dag_entrega_3.py', '--cfg-path', '/tmp/tmpfxm9y2pg', '--error-file', '/tmp/tmp1l4v9gni']
[2024-02-27 15:10:55,794] {standard_task_runner.py:80} INFO - Job 74: Subtask transformar
[2024-02-27 15:10:55,864] {task_command.py:371} INFO - Running <TaskInstance: Entrega_3_cesar.transformar manual__2024-02-27T15:10:53.008021+00:00 [running]> on host dbb218fa830a
[2024-02-27 15:10:55,942] {taskinstance.py:1591} INFO - Exporting the following env vars:
AIRFLOW_CTX_DAG_OWNER=Cesar
AIRFLOW_CTX_DAG_ID=Entrega_3_cesar
AIRFLOW_CTX_TASK_ID=transformar
AIRFLOW_CTX_EXECUTION_DATE=2024-02-27T15:10:53.008021+00:00
AIRFLOW_CTX_TRY_NUMBER=1
AIRFLOW_CTX_DAG_RUN_ID=manual__2024-02-27T15:10:53.008021+00:00
[2024-02-27 15:10:55,950] {logging_mixin.py:115} INFO - trandormar data...
[2024-02-27 15:10:55,951] {python.py:173} INFO - Done. Returned value was: {'0': {'date': '2024-02-27T15:10:55Z', 'base': 'USD', 'To': 'COP', 'rates': 3935.3775, 'Year': 2024, 'Month': 2, 'Day': 27}, '1': {'date': '2024-02-27T15:10:55Z', 'base': 'USD', 'To': 'ADA', 'rates': 1.60512418, 'Year': 2024, 'Month': 2, 'Day': 27}, '2': {'date': '2024-02-27T15:10:55Z', 'base': 'USD', 'To': 'AED', 'rates': 3.6725, 'Year': 2024, 'Month': 2, 'Day': 27}, '3': {'date': '2024-02-27T15:10:55Z', 'base': 'USD', 'To': 'AFN', 'rates': 73.14916522, 'Year': 2024, 'Month': 2, 'Day': 27}, '4': {'date': '2024-02-27T15:10:55Z', 'base': 'USD', 'To': 'ALL', 'rates': 95.77517252, 'Year': 2024, 'Month': 2, 'Day': 27}, '5': {'date': '2024-02-27T15:10:55Z', 'base': 'USD', 'To': 'CAD', 'rates': 1.35185268, 'Year': 2024, 'Month': 2, 'Day': 27}, '6': {'date': '2024-02-27T15:10:55Z', 'base': 'USD', 'To': 'BZD', 'rates': 2.02434844, 'Year': 2024, 'Month': 2, 'Day': 27}, '7': {'date': '2024-02-27T15:10:55Z', 'base': 'USD', 'To': 'BYN', 'rates': 3.2699814, 'Year': 2024, 'Month': 2, 'Day': 27}, '8': {'date': '2024-02-27T15:10:55Z', 'base': 'USD', 'To': 'BWP', 'rates': 13.75182703, 'Year': 2024, 'Month': 2, 'Day': 27}}
[2024-02-27 15:10:56,077] {taskinstance.py:1420} INFO - Marking task as SUCCESS. dag_id=Entrega_3_cesar, task_id=transformar, execution_date=20240227T151053, start_date=20240227T151055, end_date=20240227T151056
[2024-02-27 15:10:56,125] {local_task_job.py:156} INFO - Task exited with return code 0
[2024-02-27 15:10:56,157] {local_task_job.py:273} INFO - 1 downstream tasks scheduled from follow-on schedule check
