[2024-02-27 15:10:50,862] {taskinstance.py:1179} INFO - Dependencies all met for <TaskInstance: Entrega_3_cesar.extraer scheduled__2024-02-25T00:00:00+00:00 [queued]>
[2024-02-27 15:10:50,872] {taskinstance.py:1179} INFO - Dependencies all met for <TaskInstance: Entrega_3_cesar.extraer scheduled__2024-02-25T00:00:00+00:00 [queued]>
[2024-02-27 15:10:50,874] {taskinstance.py:1376} INFO - 
--------------------------------------------------------------------------------
[2024-02-27 15:10:50,875] {taskinstance.py:1377} INFO - Starting attempt 1 of 2
[2024-02-27 15:10:50,876] {taskinstance.py:1378} INFO - 
--------------------------------------------------------------------------------
[2024-02-27 15:10:50,888] {taskinstance.py:1397} INFO - Executing <Task(_PythonDecoratedOperator): extraer> on 2024-02-25 00:00:00+00:00
[2024-02-27 15:10:50,895] {standard_task_runner.py:52} INFO - Started process 209 to run task
[2024-02-27 15:10:50,900] {standard_task_runner.py:79} INFO - Running: ['***', 'tasks', 'run', 'Entrega_3_cesar', 'extraer', 'scheduled__2024-02-25T00:00:00+00:00', '--job-id', '67', '--raw', '--subdir', 'DAGS_FOLDER/dag_entrega_3.py', '--cfg-path', '/tmp/tmpb_9gtv9y', '--error-file', '/tmp/tmperjfewvq']
[2024-02-27 15:10:50,904] {standard_task_runner.py:80} INFO - Job 67: Subtask extraer
[2024-02-27 15:10:50,993] {task_command.py:371} INFO - Running <TaskInstance: Entrega_3_cesar.extraer scheduled__2024-02-25T00:00:00+00:00 [running]> on host dbb218fa830a
[2024-02-27 15:10:51,072] {taskinstance.py:1591} INFO - Exporting the following env vars:
AIRFLOW_CTX_DAG_OWNER=Cesar
AIRFLOW_CTX_DAG_ID=Entrega_3_cesar
AIRFLOW_CTX_TASK_ID=extraer
AIRFLOW_CTX_EXECUTION_DATE=2024-02-25T00:00:00+00:00
AIRFLOW_CTX_TRY_NUMBER=1
AIRFLOW_CTX_DAG_RUN_ID=scheduled__2024-02-25T00:00:00+00:00
[2024-02-27 15:10:51,997] {logging_mixin.py:115} INFO - extraer data...
[2024-02-27 15:10:51,999] {python.py:173} INFO - Done. Returned value was: {0: {'date': '2024-02-27T15:10:52Z', 'base': 'USD', 'To': 'COP', 'rates': 3935.3775}, 1: {'date': '2024-02-27T15:10:52Z', 'base': 'USD', 'To': 'ADA', 'rates': 1.60512418}, 2: {'date': '2024-02-27T15:10:52Z', 'base': 'USD', 'To': 'AED', 'rates': 3.6725}, 3: {'date': '2024-02-27T15:10:52Z', 'base': 'USD', 'To': 'AFN', 'rates': 73.14916522}, 4: {'date': '2024-02-27T15:10:52Z', 'base': 'USD', 'To': 'ALL', 'rates': 95.77517252}, 5: {'date': '2024-02-27T15:10:52Z', 'base': 'USD', 'To': 'CAD', 'rates': 1.35185268}, 6: {'date': '2024-02-27T15:10:52Z', 'base': 'USD', 'To': 'BZD', 'rates': 2.02434844}, 7: {'date': '2024-02-27T15:10:52Z', 'base': 'USD', 'To': 'BYN', 'rates': 3.2699814}, 8: {'date': '2024-02-27T15:10:52Z', 'base': 'USD', 'To': 'BWP', 'rates': 13.75182703}}
[2024-02-27 15:10:52,044] {taskinstance.py:1420} INFO - Marking task as SUCCESS. dag_id=Entrega_3_cesar, task_id=extraer, execution_date=20240225T000000, start_date=20240227T151050, end_date=20240227T151052
[2024-02-27 15:10:52,075] {local_task_job.py:156} INFO - Task exited with return code 0
[2024-02-27 15:10:52,116] {local_task_job.py:273} INFO - 1 downstream tasks scheduled from follow-on schedule check
